#
# There is insufficient memory for the Java Runtime Environment to continue.
# Native memory allocation (mmap) failed to map 266338304 bytes for Failed to commit area from 0x0000000702600000 to 0x0000000712400000 of length 266338304.
# Possible reasons:
#   The system is out of physical RAM or swap space
#   The process is running with CompressedOops enabled, and the Java Heap may be blocking the growth of the native heap
# Possible solutions:
#   Reduce memory load on the system
#   Increase physical memory or swap space
#   Check if swap backing store is full
#   Decrease Java heap size (-Xmx/-Xms)
#   Decrease number of Java threads
#   Decrease Java thread stack sizes (-Xss)
#   Set larger code cache with -XX:ReservedCodeCacheSize=
#   JVM is running with Zero Based Compressed Oops mode in which the Java heap is
#     placed in the first 32GB address space. The Java Heap base address is the
#     maximum limit for the native heap growth. Please use -XX:HeapBaseMinAddress
#     to set the Java Heap base and to place the Java Heap above 32GB virtual address.
# This output file may be truncated or incomplete.
#
#  Out of Memory Error (./open/src/hotspot/os/windows/os_windows.cpp:3315), pid=17536, tid=6848
#
# JRE version:  (14.0.2+12) (build )
# Java VM: Java HotSpot(TM) 64-Bit Server VM (14.0.2+12-46, mixed mode, sharing, tiered, compressed oops, g1 gc, windows-amd64)
# No core dump will be written. Minidumps are not enabled by default on client versions of Windows
#

---------------  S U M M A R Y ------------

Command Line: --module-path=C:\added\java\javaFX14\javafx-sdk-14.0.2.1\lib --add-modules=javafx.controls,javafx.fxml -Dlog4j.configurationFile=log4j2-client.xml --add-modules=javafx.base,javafx.graphics --add-reads=javafx.base=ALL-UNNAMED --add-reads=javafx.graphics=ALL-UNNAMED -javaagent:C:\added\JetBrains\IntelliJ IDEA 2020.1.4\lib\idea_rt.jar=64703:C:\added\JetBrains\IntelliJ IDEA 2020.1.4\bin -Dfile.encoding=UTF-8 sample.StartingPage

Host: Intel(R) Core(TM) i7-7500U CPU @ 2.70GHz, 4 cores, 15G,  Windows 10 , 64 bit Build 19041 (10.0.19041.662)
Time: Tue Apr  6 19:55:10 2021 Central Daylight Time elapsed time: 0 seconds (0d 0h 0m 0s)

---------------  T H R E A D  ---------------

Current thread (0x00000191e797f800):  JavaThread "Unknown thread" [_thread_in_vm, id=6848, stack(0x0000001b04600000,0x0000001b04700000)]

Stack: [0x0000001b04600000,0x0000001b04700000]
Native frames: (J=compiled Java code, j=interpreted, Vv=VM code, C=native code)
V  [jvm.dll+0x5f8a9a]
V  [jvm.dll+0x74247a]
V  [jvm.dll+0x743c2f]
V  [jvm.dll+0x744273]
V  [jvm.dll+0x20d288]
V  [jvm.dll+0x5f5dea]
V  [jvm.dll+0x5eac45]
V  [jvm.dll+0x2c7e9c]
V  [jvm.dll+0x2c7cd2]
V  [jvm.dll+0x2cdbbc]
V  [jvm.dll+0x313fe8]
V  [jvm.dll+0x313710]
V  [jvm.dll+0x2a092a]
V  [jvm.dll+0x2a1a79]
V  [jvm.dll+0x71fd48]
V  [jvm.dll+0x321c14]
V  [jvm.dll+0x70112c]
V  [jvm.dll+0x392def]
V  [jvm.dll+0x394e61]
C  [jli.dll+0x524b]
C  [ucrtbase.dll+0x214c2]
C  [KERNEL32.DLL+0x17034]
C  [ntdll.dll+0x4d0d1]


---------------  P R O C E S S  ---------------

Threads class SMR info:
_java_thread_list=0x00007ffec6483038, length=0, elements={
}

Java Threads: ( => current thread )

Other Threads:
  0x00000191e79e6800 GCTaskThread "GC Thread#0" [stack: 0x0000001b04800000,0x0000001b04900000] [id=3336]
  0x00000191e7a09000 ConcurrentGCThread "G1 Main Marker" [stack: 0x0000001b04900000,0x0000001b04a00000] [id=2712]
  0x00000191e7a0b000 ConcurrentGCThread "G1 Conc#0" [stack: 0x0000001b04a00000,0x0000001b04b00000] [id=1756]

[error occurred during error reporting (printing all threads), id 0xc0000005, EXCEPTION_ACCESS_VIOLATION (0xc0000005) at pc=0x00007ffec5cb1257]

VM state:not at safepoint (not fully initialized)

VM Mutex/Monitor currently owned by a thread:  ([mutex/lock_event])
[0x00000191e797c120] Heap_lock - owner thread: 0x00000191e797f800

Heap address: 0x0000000702600000, size: 4058 MB, Compressed Oops mode: Zero based, Oop shift amount: 3
Narrow klass base: 0x0000000000000000, Narrow klass shift: 0

GC Heap History (0 events):
No events

Deoptimization events (0 events):
No events

Classes unloaded (0 events):
No events

Classes redefined (0 events):
No events

Internal exceptions (0 events):
No events

Events (2 events):
Event: 0.029 Loaded shared library C:\added\java\jdk-14.0.2\bin\java.dll
Event: 0.029 Loaded shared library C:\added\java\jdk-14.0.2\bin\zip.dll


Dynamic libraries:
0x00007ff79cfd0000 - 0x00007ff79cfdf000 	C:\added\java\jdk-14.0.2\bin\java.exe
0x00007fff35170000 - 0x00007fff35366000 	C:\WINDOWS\SYSTEM32\ntdll.dll
0x00007fff339a0000 - 0x00007fff33a5d000 	C:\WINDOWS\System32\KERNEL32.DLL
0x00007fff32b40000 - 0x00007fff32e09000 	C:\WINDOWS\System32\KERNELBASE.dll
0x00007fff328e0000 - 0x00007fff329e0000 	C:\WINDOWS\System32\ucrtbase.dll
0x00007fff1eb10000 - 0x00007fff1eb28000 	C:\added\java\jdk-14.0.2\bin\jli.dll
0x00007fff331d0000 - 0x00007fff3327c000 	C:\WINDOWS\System32\ADVAPI32.dll
0x00007fff33f80000 - 0x00007fff3401e000 	C:\WINDOWS\System32\msvcrt.dll
0x00007fff34020000 - 0x00007fff340bc000 	C:\WINDOWS\System32\sechost.dll
0x00007fff33e30000 - 0x00007fff33f5b000 	C:\WINDOWS\System32\RPCRT4.dll
0x00007fff340c0000 - 0x00007fff34260000 	C:\WINDOWS\System32\USER32.dll
0x00007fff328b0000 - 0x00007fff328d2000 	C:\WINDOWS\System32\win32u.dll
0x00007fff335c0000 - 0x00007fff335ea000 	C:\WINDOWS\System32\GDI32.dll
0x00007fff32f70000 - 0x00007fff33079000 	C:\WINDOWS\System32\gdi32full.dll
0x00007fff33080000 - 0x00007fff3311d000 	C:\WINDOWS\System32\msvcp_win.dll
0x00007fff1eb30000 - 0x00007fff1eb45000 	C:\added\java\jdk-14.0.2\bin\VCRUNTIME140.dll
0x00007fff1f510000 - 0x00007fff1f7ab000 	C:\WINDOWS\WinSxS\amd64_microsoft.windows.common-controls_6595b64144ccf1df_6.0.19041.488_none_ca04af081b815d21\COMCTL32.dll
0x00007fff1f7b0000 - 0x00007fff1f7ba000 	C:\WINDOWS\SYSTEM32\VERSION.dll
0x00007fff34c20000 - 0x00007fff34c50000 	C:\WINDOWS\System32\IMM32.DLL
0x00007fff04b70000 - 0x00007fff04c0b000 	C:\added\java\jdk-14.0.2\bin\msvcp140.dll
0x00007ffec5a00000 - 0x00007ffec651e000 	C:\added\java\jdk-14.0.2\bin\server\jvm.dll
0x00007fff35120000 - 0x00007fff35128000 	C:\WINDOWS\System32\PSAPI.DLL
0x00007fff2c9f0000 - 0x00007fff2c9f9000 	C:\WINDOWS\SYSTEM32\WSOCK32.dll
0x00007fff33a60000 - 0x00007fff33acb000 	C:\WINDOWS\System32\WS2_32.dll
0x00007fff24310000 - 0x00007fff24337000 	C:\WINDOWS\SYSTEM32\WINMM.dll
0x00007fff30720000 - 0x00007fff30732000 	C:\WINDOWS\SYSTEM32\kernel.appcore.dll
0x00007fff1eac0000 - 0x00007fff1eaca000 	C:\added\java\jdk-14.0.2\bin\jimage.dll
0x00007fff2b230000 - 0x00007fff2b414000 	C:\WINDOWS\SYSTEM32\DBGHELP.DLL
0x00007fff2aff0000 - 0x00007fff2b01c000 	C:\WINDOWS\SYSTEM32\dbgcore.DLL
0x00007fff32a90000 - 0x00007fff32b10000 	C:\WINDOWS\System32\bcryptPrimitives.dll
0x00007fff1e310000 - 0x00007fff1e31e000 	C:\added\java\jdk-14.0.2\bin\instrument.dll
0x00007fff174f0000 - 0x00007fff17515000 	C:\added\java\jdk-14.0.2\bin\java.dll
0x00007fff17370000 - 0x00007fff17386000 	C:\added\java\jdk-14.0.2\bin\zip.dll

dbghelp: loaded successfully - version: 4.0.5 - missing functions: none
symbol engine: initialized successfully - sym options: 0x614 - pdb path: .;C:\added\java\jdk-14.0.2\bin;C:\WINDOWS\SYSTEM32;C:\WINDOWS\WinSxS\amd64_microsoft.windows.common-controls_6595b64144ccf1df_6.0.19041.488_none_ca04af081b815d21;C:\added\java\jdk-14.0.2\bin\server

VM Arguments:
jvm_args: --module-path=C:\added\java\javaFX14\javafx-sdk-14.0.2.1\lib --add-modules=javafx.controls,javafx.fxml -Dlog4j.configurationFile=log4j2-client.xml --add-modules=javafx.base,javafx.graphics --add-reads=javafx.base=ALL-UNNAMED --add-reads=javafx.graphics=ALL-UNNAMED -javaagent:C:\added\JetBrains\IntelliJ IDEA 2020.1.4\lib\idea_rt.jar=64703:C:\added\JetBrains\IntelliJ IDEA 2020.1.4\bin -Dfile.encoding=UTF-8 
java_command: sample.StartingPage
java_class_path (initial): C:\Users\Kalyani Koyya\Desktop\Abhay's Desktop\stockSimGameUI\out\production\TemplateProject;C:\added\java\javaFX14\javafx-sdk-14.0.2.1\lib\src.zip;C:\added\java\javaFX14\javafx-sdk-14.0.2.1\lib\javafx-swt.jar;C:\added\java\javaFX14\javafx-sdk-14.0.2.1\lib\javafx.web.jar;C:\added\java\javaFX14\javafx-sdk-14.0.2.1\lib\javafx.base.jar;C:\added\java\javaFX14\javafx-sdk-14.0.2.1\lib\javafx.fxml.jar;C:\added\java\javaFX14\javafx-sdk-14.0.2.1\lib\javafx.media.jar;C:\added\java\javaFX14\javafx-sdk-14.0.2.1\lib\javafx.swing.jar;C:\added\java\javaFX14\javafx-sdk-14.0.2.1\lib\javafx.controls.jar;C:\added\java\javaFX14\javafx-sdk-14.0.2.1\lib\javafx.graphics.jar;C:\Users\Kalyani Koyya\Desktop\Abhay's Desktop\stockSimGameUI\lib\log4j-api-2.9.1.jar;C:\Users\Kalyani Koyya\Desktop\Abhay's Desktop\stockSimGameUI\lib\vertx-web-3.9.6.jar;C:\Users\Kalyani Koyya\Desktop\Abhay's Desktop\stockSimGameUI\lib\log4j-core-2.9.1.jar;C:\Users\Kalyani Koyya\Desktop\Abhay's Desktop\stockSimGameUI\lib\slf4j-api-1.7.25.jar;C:\Users\Kalyani Koyya\Desktop\Abhay's Desktop\stockSimGameUI\lib\vertx-core-3.9.6.jar;C:\Users\Kalyani Koyya\Desktop\Abhay's Desktop\stockSimGameUI\lib\jackson-core-2.11.3.jar;C:\Users\Kalyani Koyya\Desktop\Abhay's Desktop\stockSimGameUI\lib\log4j-slf4j-impl-2.9.1.jar;C:\Users\Kalyani Koyya\Desktop\Abhay's Desktop\stockSimGameUI\lib\netty-all-4.1.49.Final.jar;C:\Users\Kalyani Koyya\Desktop\Abhay's Desktop\stockSimGameUI\lib\jackson-databind-2.11.3.jar;C:\Users\Kalyani Koyya\Desktop\Abhay's Desktop\stockSimGameUI\lib\jackson-annotations-2.9.5.jar;C:\Users\Kalyani Koyya\Desktop\Abhay's Desktop\stockSimGameUI\lib\netty-buffer-4.1.49.Final.jar;C:\Users\Kalyani Koyya\Desktop\Abhay's Desktop\stockSimGameUI\lib\netty-common-4.1.49.Final.jar;C:\Users\Kalyani Koyya\Desktop\Abhay's Desktop\stockSimGameUI\lib\netty-handler-4.1.49.Final.jar;C:\Users\Kalyani Koyya\Desktop\Abhay's Desktop\stockSimGameUI\lib\netty-resolver-4.1.49.Final.jar;C:\Users\Kalyani Koyya\De
Launcher Type: SUN_STANDARD

[Global flags]
     intx CICompilerCount                          = 3                                         {product} {ergonomic}
     uint ConcGCThreads                            = 1                                         {product} {ergonomic}
     uint G1ConcRefinementThreads                  = 4                                         {product} {ergonomic}
   size_t G1HeapRegionSize                         = 1048576                                   {product} {ergonomic}
    uintx GCDrainStackTargetSize                   = 64                                        {product} {ergonomic}
   size_t InitialHeapSize                          = 266338304                                 {product} {ergonomic}
   size_t MarkStackSize                            = 4194304                                   {product} {ergonomic}
   size_t MaxHeapSize                              = 4255121408                                {product} {ergonomic}
   size_t MinHeapDeltaBytes                        = 1048576                                   {product} {ergonomic}
   size_t MinHeapSize                              = 8388608                                   {product} {ergonomic}
    uintx NonNMethodCodeHeapSize                   = 5832780                                {pd product} {ergonomic}
    uintx NonProfiledCodeHeapSize                  = 122912730                              {pd product} {ergonomic}
    uintx ProfiledCodeHeapSize                     = 122912730                              {pd product} {ergonomic}
    uintx ReservedCodeCacheSize                    = 251658240                              {pd product} {ergonomic}
     bool SegmentedCodeCache                       = true                                      {product} {ergonomic}
   size_t SoftMaxHeapSize                          = 4255121408                             {manageable} {ergonomic}
     bool UseCompressedClassPointers               = true                                 {lp64_product} {ergonomic}
     bool UseCompressedOops                        = true                                 {lp64_product} {ergonomic}
     bool UseG1GC                                  = true                                      {product} {ergonomic}
     bool UseLargePagesIndividualAllocation        = false                                  {pd product} {ergonomic}

Logging:
Log output configuration:
 #0: stdout all=warning uptime,level,tags
 #1: stderr all=off uptime,level,tags

Environment Variables:
JAVA_HOME=C:\added\java\jdk1.7.0_45
CLASSPATH=.
PATH=C:\Python38\Scripts\;C:\Users\Kalyani Koyya\Desktop\Abhay's Desktop\Swift Applications\Swift\bin;C:\Python38\;C:\Program Files\Common Files\Oracle\Java\javapath;C:\WINDOWS\system32;C:\WINDOWS;C:\WINDOWS\system32\wbem;C:\WINDOWS\system32\windowspowershell\v1.0\;c:\program files\ibm\gsk8\lib64;c:\program files (x86)\ibm\gsk8\lib;C:\WINDOWS\system32;C:\WINDOWS;C:\WINDOWS\System32\Wbem;C:\WINDOWS\System32\WindowsPowerShell\v1.0\;C:\WINDOWS\System32\OpenSSH\;C:\ProgramData\chocolatey\bin;C:\Added\Git\cmd;C:\added\nodejs\;C:\Program Files (x86)\Yarn\bin\;C:\Users\Kalyani Koyya\AppData\Local\atom\bin;C:\Users\Kalyani Koyya\AppData\Local\Microsoft\WindowsApps;;C:\added\WebStorm 2019.2.3\bin;;C:\Added\JetBrains\IntelliJ IDEA 2020.1.4\bin;;C:\Added\VSCode\bin;C:\Users\Kalyani Koyya\AppData\Roaming\npm;C:\Users\Kalyani Koyya\AppData\Local\Yarn\bin
USERNAME=Kalyani Koyya
OS=Windows_NT
PROCESSOR_IDENTIFIER=Intel64 Family 6 Model 142 Stepping 9, GenuineIntel



---------------  S Y S T E M  ---------------

OS: Windows 10 , 64 bit Build 19041 (10.0.19041.662)
OS uptime: 25 days 17:32 hours

CPU:total 4 (initial active 4) (2 cores per cpu, 2 threads per core) family 6 model 142 stepping 9, cmov, cx8, fxsr, mmx, sse, sse2, sse3, ssse3, sse4.1, sse4.2, popcnt, avx, avx2, aes, clmul, erms, 3dnowpref, lzcnt, ht, tsc, tscinvbit, bmi1, bmi2, adx, fma

Memory: 4k page, system-wide physical 16227M (6595M free)
TotalPageFile size 40918M (AvailPageFile size 113M)
current process WorkingSet (physical memory assigned to process): 10M, peak: 10M
current process commit charge ("private bytes"): 52M, peak: 306M

vm_info: Java HotSpot(TM) 64-Bit Server VM (14.0.2+12-46) for windows-amd64 JRE (14.0.2+12-46), built on Jul  9 2020 00:35:52 by "mach5one" with MS VC++ 15.9 (VS2017)

END.
